Unity Editor version:    2021.1.22f1 (a137e5fb0427)
Branch:                  2021.1/staging
Build type:              Release
Batch mode:              YES
macOS version:           Version 10.14.6 (Build 18G87)
Darwin version:          18.7.0
Architecture:            x86_64
Running under Rosetta:   NO
Available memory:        16384 MB
Using pre-set license
Pro License: NO
Pro License: NO

COMMAND LINE ARGUMENTS:
/Applications/Unity/Hub/Editor/2021.1.22f1/Unity.app/Contents/MacOS/Unity
-adb2
-batchMode
-noUpm
-name
AssetImportWorker0
-projectPath
/Users/student/sanchez-garrow/firstunitywithgit-sanchez-garrow
-logFile
Logs/AssetImportWorker0.log
-srvPort
54504
Successfully changed project path to: /Users/student/sanchez-garrow/firstunitywithgit-sanchez-garrow
/Users/student/sanchez-garrow/firstunitywithgit-sanchez-garrow
Using Asset Import Pipeline V2.
Refreshing native plugins compatible for Editor in 82.86 ms, found 2 plugins.
Preloading 0 native plugins for Editor in 0.00 ms.
Initialize engine version: 2021.1.22f1 (a137e5fb0427)
[Subsystems] Discovering subsystems at path /Applications/Unity/Hub/Editor/2021.1.22f1/Unity.app/Contents/Resources/UnitySubsystems
[Subsystems] Discovering subsystems at path /Users/student/sanchez-garrow/firstunitywithgit-sanchez-garrow/Assets
GfxDevice: creating device client; threaded=0; jobified=0
2021-11-01 10:00:42.815 Unity[76179:2705118] iMac preferred device: AMD Radeon Pro 555X (high power)
2021-11-01 10:00:42.815 Unity[76179:2705118] Metal devices available: 1
2021-11-01 10:00:42.815 Unity[76179:2705118] 0: AMD Radeon Pro 555X (high power)
2021-11-01 10:00:42.815 Unity[76179:2705118] Using device AMD Radeon Pro 555X (high power)
Initializing Metal device caps: AMD Radeon Pro 555X
Initialize mono
Mono path[0] = '/Applications/Unity/Hub/Editor/2021.1.22f1/Unity.app/Contents/Managed'
Mono path[1] = '/Applications/Unity/Hub/Editor/2021.1.22f1/Unity.app/Contents/MonoBleedingEdge/lib/mono/unityjit'
Mono config path = '/Applications/Unity/Hub/Editor/2021.1.22f1/Unity.app/Contents/MonoBleedingEdge/etc'
Using monoOptions --debugger-agent=transport=dt_socket,embedding=1,server=y,suspend=n,address=127.0.0.1:56179
Begin MonoManager ReloadAssembly
Registering precompiled unity dll's ...
Register platform support module: /Applications/Unity/Hub/Editor/2021.1.22f1/Unity.app/Contents/PlaybackEngines/MacStandaloneSupport/UnityEditor.OSXStandalone.Extensions.dll
Registered in 0.000346 seconds.
Native extension for OSXStandalone target not found
Refreshing native plugins compatible for Editor in 82.49 ms, found 2 plugins.
Preloading 0 native plugins for Editor in 0.00 ms.
Mono: successfully reloaded assembly
- Completed reload, in  1.609 seconds
Domain Reload Profiling:
	ReloadAssembly (1609ms)
		BeginReloadAssembly (42ms)
			ExecutionOrderSort (0ms)
			DisableScriptedObjects (0ms)
			BackupInstance (0ms)
			ReleaseScriptingObjects (0ms)
			CreateAndSetChildDomain (1ms)
		EndReloadAssembly (569ms)
			LoadAssemblies (41ms)
			RebuildTransferFunctionScriptingTraits (0ms)
			SetupTypeCache (222ms)
			ReleaseScriptCaches (0ms)
			RebuildScriptCaches (42ms)
			SetupLoadedEditorAssemblies (258ms)
				LogAssemblyErrors (0ms)
				InitializePlatformSupportModulesInManaged (6ms)
				SetLoadedEditorAssemblies (0ms)
				RefreshPlugins (83ms)
				BeforeProcessingInitializeOnLoad (1ms)
				ProcessInitializeOnLoadAttributes (132ms)
				ProcessInitializeOnLoadMethodAttributes (35ms)
				AfterProcessingInitializeOnLoad (0ms)
				EditorAssembliesLoaded (0ms)
			ExecutionOrderSort2 (0ms)
			AwakeInstancesAfterBackupRestoration (0ms)
Platform modules already initialized, skipping
Registering precompiled user dll's ...
Registered in 0.001731 seconds.
Begin MonoManager ReloadAssembly
Symbol file LoadedFromMemory doesn't match image /Users/student/sanchez-garrow/firstunitywithgit-sanchez-garrow/Library/PackageCache/com.unity.visualscripting@1.6.1/Editor/VisualScripting.Core/Dependencies/YamlDotNet/Unity.VisualScripting.YamlDotNet.dll
Symbol file LoadedFromMemory doesn't match image /Users/student/sanchez-garrow/firstunitywithgit-sanchez-garrow/Library/PackageCache/com.unity.visualscripting@1.6.1/Editor/VisualScripting.Core/Dependencies/DotNetZip/Unity.VisualScripting.IonicZip.dll
Native extension for OSXStandalone target not found
Refreshing native plugins compatible for Editor in 0.53 ms, found 2 plugins.
Preloading 0 native plugins for Editor in 0.00 ms.
Mono: successfully reloaded assembly
- Completed reload, in  1.310 seconds
Domain Reload Profiling:
	ReloadAssembly (1311ms)
		BeginReloadAssembly (177ms)
			ExecutionOrderSort (0ms)
			DisableScriptedObjects (6ms)
			BackupInstance (0ms)
			ReleaseScriptingObjects (0ms)
			CreateAndSetChildDomain (38ms)
		EndReloadAssembly (1064ms)
			LoadAssemblies (75ms)
			RebuildTransferFunctionScriptingTraits (0ms)
			SetupTypeCache (447ms)
			ReleaseScriptCaches (1ms)
			RebuildScriptCaches (63ms)
			SetupLoadedEditorAssemblies (346ms)
				LogAssemblyErrors (0ms)
				InitializePlatformSupportModulesInManaged (5ms)
				SetLoadedEditorAssemblies (0ms)
				RefreshPlugins (1ms)
				BeforeProcessingInitializeOnLoad (64ms)
				ProcessInitializeOnLoadAttributes (269ms)
				ProcessInitializeOnLoadMethodAttributes (6ms)
				AfterProcessingInitializeOnLoad (1ms)
				EditorAssembliesLoaded (0ms)
			ExecutionOrderSort2 (0ms)
			AwakeInstancesAfterBackupRestoration (8ms)
Platform modules already initialized, skipping
========================================================================
Worker process is ready to serve import requests
Launching external process: /Applications/Unity/Hub/Editor/2021.1.22f1/Unity.app/Contents/Tools/UnityShaderCompiler
Launched and connected shader compiler UnityShaderCompiler after 0.01 seconds
Refreshing native plugins compatible for Editor in 0.51 ms, found 2 plugins.
Preloading 0 native plugins for Editor in 0.00 ms.
Unloading 2949 Unused Serialized files (Serialized files now loaded: 0)
System memory in use before: 210.0 MB.
System memory in use after: 210.2 MB.

Unloading 20 unused Assets to reduce memory usage. Loaded Objects now: 3399.
Total: 3.295047 ms (FindLiveObjects: 0.222664 ms CreateObjectMapping: 0.142638 ms MarkObjects: 2.870194 ms  DeleteObjects: 0.058223 ms)

AssetImportParameters requested are different than current active one (requested -> active):
  custom:video-decoder-ogg-theora: a1e56fd34408186e4bbccfd4996cb3dc -> 
  custom:container-muxer-webm: aa71ff27fc2769a1b78a27578f13a17b -> 
  custom:container-demuxer-webm: 4f35f7cbe854078d1ac9338744f61a02 -> 
  custom:container-demuxer-ogg: 62fdf1f143b41e24485cea50d1cbac27 -> 
  custom:video-encoder-webm-vp8: eb34c28f22e8b96e1ab97ce403110664 -> 
  custom:framework-osx-AVFoundation: b23960f63f64bdc6ff669e2cdcee2391 -> 
  custom:video-decoder-webm-vp8: 9c59270c3fd7afecdb556c50c9e8de78 -> 
  custom:audio-decoder-ogg-vorbis: bf7c407c2cedff20999df2af8eb42d56 -> 
  custom:audio-encoder-webm-vorbis: bf7c407c2cedff20999df2af8eb42d56 -> 
========================================================================
Received Import Request.
  path: Assets/Tree.prefab
  artifactKey: Guid(ffe2d6614265946979c68fbd73d33d56) Importer(815301076,1909f56bfc062723c751e8b465ee728b)
Start importing Assets/Tree.prefab using Guid(ffe2d6614265946979c68fbd73d33d56) Importer(815301076,1909f56bfc062723c751e8b465ee728b)  -> (artifact id: '06f4589c68e1f841abf048891c994e1b') in 1.553335 seconds 
========================================================================
Received Import Request.
  Time since last request: 19.526796 seconds.
  path: Assets/Tree_Textures
  artifactKey: Guid(1e960d840059b4a32a62472c01ba7c83) Importer(815301076,1909f56bfc062723c751e8b465ee728b)
Start importing Assets/Tree_Textures using Guid(1e960d840059b4a32a62472c01ba7c83) Importer(815301076,1909f56bfc062723c751e8b465ee728b)  -> (artifact id: 'ef587f3bf192495819ad0e10eef9c4fd') in 0.000978 seconds 
========================================================================
Received Import Request.
  Time since last request: 1.038773 seconds.
  path: Assets/Tree_Textures/diffuse.png
  artifactKey: Guid(e060bd5b11fa34e65a457444d38266aa) Importer(815301076,1909f56bfc062723c751e8b465ee728b)
Start importing Assets/Tree_Textures/diffuse.png using Guid(e060bd5b11fa34e65a457444d38266aa) Importer(815301076,1909f56bfc062723c751e8b465ee728b)  -> (artifact id: 'da7bd0bf5824fa621b448fc8c7062bbe') in 0.551752 seconds 
========================================================================
Received Import Request.
  Time since last request: 0.000170 seconds.
  path: Assets/Tree_Textures/shadow.png
  artifactKey: Guid(e862dac58fc604a2d8f0a04c78295248) Importer(815301076,1909f56bfc062723c751e8b465ee728b)
Start importing Assets/Tree_Textures/shadow.png using Guid(e862dac58fc604a2d8f0a04c78295248) Importer(815301076,1909f56bfc062723c751e8b465ee728b)  -> (artifact id: 'cd4ec02bf565487b13a95b5d27e503be') in 0.005744 seconds 
========================================================================
Received Import Request.
  Time since last request: 0.000190 seconds.
  path: Assets/Tree_Textures/translucency_gloss.png
  artifactKey: Guid(a34be25cf026b408bb16a878be97cd40) Importer(815301076,1909f56bfc062723c751e8b465ee728b)
Start importing Assets/Tree_Textures/translucency_gloss.png using Guid(a34be25cf026b408bb16a878be97cd40) Importer(815301076,1909f56bfc062723c751e8b465ee728b)  -> (artifact id: 'be2ef2f244e96fa39f83f8c13b6bdb47') in 0.015618 seconds 
========================================================================
Received Import Request.
  Time since last request: 0.000162 seconds.
  path: Assets/Tree_Textures/normal_specular.png
  artifactKey: Guid(b1381855e479e41ca80ecf2c2f33e2d2) Importer(815301076,1909f56bfc062723c751e8b465ee728b)
Start importing Assets/Tree_Textures/normal_specular.png using Guid(b1381855e479e41ca80ecf2c2f33e2d2) Importer(815301076,1909f56bfc062723c751e8b465ee728b)  -> (artifact id: 'e9d9e2beeedc5ea381ab6b546b378984') in 0.006239 seconds 
========================================================================
Received Import Request.
  Time since last request: 33.846182 seconds.
  path: Assets/Tree_Textures/New Material.mat
  artifactKey: Guid(afe25b8eee2ee41b18e8fa1843005bc5) Importer(815301076,1909f56bfc062723c751e8b465ee728b)
Start importing Assets/Tree_Textures/New Material.mat using Guid(afe25b8eee2ee41b18e8fa1843005bc5) Importer(815301076,1909f56bfc062723c751e8b465ee728b)  -> (artifact id: '5511e409fa3d259b7b3b171514b5ca31') in 0.303177 seconds 
========================================================================
Received Import Request.
  Time since last request: 76.981505 seconds.
  path: Assets/Tree_Textures/tree.mat
  artifactKey: Guid(afe25b8eee2ee41b18e8fa1843005bc5) Importer(815301076,1909f56bfc062723c751e8b465ee728b)
Start importing Assets/Tree_Textures/tree.mat using Guid(afe25b8eee2ee41b18e8fa1843005bc5) Importer(815301076,1909f56bfc062723c751e8b465ee728b)  -> (artifact id: 'c9f1d25b5384e554778861501548f721') in 0.007280 seconds 
========================================================================
Received Import Request.
  Time since last request: 37.502369 seconds.
  path: Assets/Tree_Textures/tree.mat
  artifactKey: Guid(afe25b8eee2ee41b18e8fa1843005bc5) Importer(815301076,1909f56bfc062723c751e8b465ee728b)
Start importing Assets/Tree_Textures/tree.mat using Guid(afe25b8eee2ee41b18e8fa1843005bc5) Importer(815301076,1909f56bfc062723c751e8b465ee728b)  -> (artifact id: '2da53117b9a6aace247010d93e081b25') in 0.019005 seconds 
